2025-08-20 21:30:24,713 DEBUG    root            Loaded Command Group: ['gcloud', 'components']
2025-08-20 21:30:24,717 DEBUG    root            Loaded Command Group: ['gcloud', 'components', 'update']
2025-08-20 21:30:24,719 DEBUG    root            Running [gcloud.components.update] with arguments: [--compile-python: "True", --quiet: "True", COMPONENT-IDS:6: "['core', 'gcloud-deps', 'bq', 'gcloud', 'gcloud-crc32c', 'gsutil']"]
2025-08-20 21:30:24,720 INFO     ___FILE_ONLY___ Beginning update. This process may take several minutes.

2025-08-20 21:30:24,756 DEBUG    urllib3.connectionpool Starting new HTTPS connection (1): dl.google.com:443
2025-08-20 21:30:25,729 DEBUG    urllib3.connectionpool https://dl.google.com:443 "GET /dl/cloudsdk/channels/rapid/components-2.json HTTP/11" 200 233150
2025-08-20 21:30:25,742 INFO     ___FILE_ONLY___ 

2025-08-20 21:30:25,743 INFO     ___FILE_ONLY___ 
Your current Google Cloud CLI version is: 535.0.0

2025-08-20 21:30:25,743 INFO     ___FILE_ONLY___ Installing components from version: 535.0.0

2025-08-20 21:30:25,743 INFO     ___FILE_ONLY___ 

2025-08-20 21:30:25,743 DEBUG    root            Chosen display Format:table[box,title="These components will be removed."](details.display_name:label=Name:align=left,version.version_string:label=Version:align=right,data.size.size(zero="",min=1048576):label=Size:align=right)
2025-08-20 21:30:25,744 DEBUG    root            Chosen display Format:table[box,title="These components will be updated."](details.display_name:label=Name:align=left,version.version_string:label=Version:align=right,data.size.size(zero="",min=1048576):label=Size:align=right)
2025-08-20 21:30:25,744 DEBUG    root            Chosen display Format:table[box,title="These components will be installed."](details.display_name:label=Name:align=left,version.version_string:label=Version:align=right,data.size.size(zero="",min=1048576):label=Size:align=right)
2025-08-20 21:30:25,784 INFO     ___FILE_ONLY___ ┌─────────────────────────────────────────────────────────────────────────────┐
2025-08-20 21:30:25,785 INFO     ___FILE_ONLY___ 

2025-08-20 21:30:25,785 INFO     ___FILE_ONLY___ │                     These components will be installed.                     │
2025-08-20 21:30:25,785 INFO     ___FILE_ONLY___ 

2025-08-20 21:30:25,785 INFO     ___FILE_ONLY___ ├─────────────────────────────────────────────────────┬────────────┬──────────┤
2025-08-20 21:30:25,785 INFO     ___FILE_ONLY___ 

2025-08-20 21:30:25,785 INFO     ___FILE_ONLY___ │                         Name                        │  Version   │   Size   │
2025-08-20 21:30:25,785 INFO     ___FILE_ONLY___ 

2025-08-20 21:30:25,785 INFO     ___FILE_ONLY___ ├─────────────────────────────────────────────────────┼────────────┼──────────┤
2025-08-20 21:30:25,785 INFO     ___FILE_ONLY___ 

2025-08-20 21:30:25,785 INFO     ___FILE_ONLY___ │ 
2025-08-20 21:30:25,785 INFO     ___FILE_ONLY___ BigQuery Command Line Tool                         
2025-08-20 21:30:25,785 INFO     ___FILE_ONLY___  
2025-08-20 21:30:25,785 INFO     ___FILE_ONLY___ │ 
2025-08-20 21:30:25,785 INFO     ___FILE_ONLY___     2.1.22
2025-08-20 21:30:25,785 INFO     ___FILE_ONLY___  
2025-08-20 21:30:25,785 INFO     ___FILE_ONLY___ │ 
2025-08-20 21:30:25,786 INFO     ___FILE_ONLY___  1.8 MiB
2025-08-20 21:30:25,786 INFO     ___FILE_ONLY___  
2025-08-20 21:30:25,786 INFO     ___FILE_ONLY___ │
2025-08-20 21:30:25,786 INFO     ___FILE_ONLY___ 

2025-08-20 21:30:25,786 INFO     ___FILE_ONLY___ │ 
2025-08-20 21:30:25,786 INFO     ___FILE_ONLY___ BigQuery Command Line Tool (Platform Specific)     
2025-08-20 21:30:25,786 INFO     ___FILE_ONLY___  
2025-08-20 21:30:25,786 INFO     ___FILE_ONLY___ │ 
2025-08-20 21:30:25,786 INFO     ___FILE_ONLY___     2.1.17
2025-08-20 21:30:25,786 INFO     ___FILE_ONLY___  
2025-08-20 21:30:25,786 INFO     ___FILE_ONLY___ │ 
2025-08-20 21:30:25,786 INFO     ___FILE_ONLY___  < 1 MiB
2025-08-20 21:30:25,786 INFO     ___FILE_ONLY___  
2025-08-20 21:30:25,787 INFO     ___FILE_ONLY___ │
2025-08-20 21:30:25,787 INFO     ___FILE_ONLY___ 

2025-08-20 21:30:25,787 INFO     ___FILE_ONLY___ │ 
2025-08-20 21:30:25,787 INFO     ___FILE_ONLY___ Bundled Python 3.12 (Platform Specific)            
2025-08-20 21:30:25,787 INFO     ___FILE_ONLY___  
2025-08-20 21:30:25,787 INFO     ___FILE_ONLY___ │ 
2025-08-20 21:30:25,787 INFO     ___FILE_ONLY___     3.12.9
2025-08-20 21:30:25,787 INFO     ___FILE_ONLY___  
2025-08-20 21:30:25,787 INFO     ___FILE_ONLY___ │ 
2025-08-20 21:30:25,787 INFO     ___FILE_ONLY___ 89.3 MiB
2025-08-20 21:30:25,787 INFO     ___FILE_ONLY___  
2025-08-20 21:30:25,787 INFO     ___FILE_ONLY___ │
2025-08-20 21:30:25,788 INFO     ___FILE_ONLY___ 

2025-08-20 21:30:25,788 INFO     ___FILE_ONLY___ │ 
2025-08-20 21:30:25,788 INFO     ___FILE_ONLY___ Cloud Storage Command Line Tool                    
2025-08-20 21:30:25,788 INFO     ___FILE_ONLY___  
2025-08-20 21:30:25,788 INFO     ___FILE_ONLY___ │ 
2025-08-20 21:30:25,788 INFO     ___FILE_ONLY___       5.35
2025-08-20 21:30:25,788 INFO     ___FILE_ONLY___  
2025-08-20 21:30:25,788 INFO     ___FILE_ONLY___ │ 
2025-08-20 21:30:25,788 INFO     ___FILE_ONLY___ 12.4 MiB
2025-08-20 21:30:25,788 INFO     ___FILE_ONLY___  
2025-08-20 21:30:25,788 INFO     ___FILE_ONLY___ │
2025-08-20 21:30:25,788 INFO     ___FILE_ONLY___ 

2025-08-20 21:30:25,788 INFO     ___FILE_ONLY___ │ 
2025-08-20 21:30:25,789 INFO     ___FILE_ONLY___ Cloud Storage Command Line Tool (Platform Specific)
2025-08-20 21:30:25,789 INFO     ___FILE_ONLY___  
2025-08-20 21:30:25,789 INFO     ___FILE_ONLY___ │ 
2025-08-20 21:30:25,789 INFO     ___FILE_ONLY___       5.34
2025-08-20 21:30:25,789 INFO     ___FILE_ONLY___  
2025-08-20 21:30:25,789 INFO     ___FILE_ONLY___ │ 
2025-08-20 21:30:25,789 INFO     ___FILE_ONLY___  < 1 MiB
2025-08-20 21:30:25,789 INFO     ___FILE_ONLY___  
2025-08-20 21:30:25,789 INFO     ___FILE_ONLY___ │
2025-08-20 21:30:25,789 INFO     ___FILE_ONLY___ 

2025-08-20 21:30:25,789 INFO     ___FILE_ONLY___ │ 
2025-08-20 21:30:25,789 INFO     ___FILE_ONLY___ Google Cloud CLI Core Libraries (Platform Specific)
2025-08-20 21:30:25,789 INFO     ___FILE_ONLY___  
2025-08-20 21:30:25,789 INFO     ___FILE_ONLY___ │ 
2025-08-20 21:30:25,790 INFO     ___FILE_ONLY___ 2025.05.23
2025-08-20 21:30:25,790 INFO     ___FILE_ONLY___  
2025-08-20 21:30:25,790 INFO     ___FILE_ONLY___ │ 
2025-08-20 21:30:25,790 INFO     ___FILE_ONLY___  < 1 MiB
2025-08-20 21:30:25,790 INFO     ___FILE_ONLY___  
2025-08-20 21:30:25,790 INFO     ___FILE_ONLY___ │
2025-08-20 21:30:25,790 INFO     ___FILE_ONLY___ 

2025-08-20 21:30:25,790 INFO     ___FILE_ONLY___ │ 
2025-08-20 21:30:25,790 INFO     ___FILE_ONLY___ Google Cloud CRC32C Hash Tool (Platform Specific)  
2025-08-20 21:30:25,790 INFO     ___FILE_ONLY___  
2025-08-20 21:30:25,790 INFO     ___FILE_ONLY___ │ 
2025-08-20 21:30:25,790 INFO     ___FILE_ONLY___      1.0.0
2025-08-20 21:30:25,790 INFO     ___FILE_ONLY___  
2025-08-20 21:30:25,790 INFO     ___FILE_ONLY___ │ 
2025-08-20 21:30:25,790 INFO     ___FILE_ONLY___  1.5 MiB
2025-08-20 21:30:25,790 INFO     ___FILE_ONLY___  
2025-08-20 21:30:25,790 INFO     ___FILE_ONLY___ │
2025-08-20 21:30:25,790 INFO     ___FILE_ONLY___ 

2025-08-20 21:30:25,791 INFO     ___FILE_ONLY___ │ 
2025-08-20 21:30:25,791 INFO     ___FILE_ONLY___ gcloud cli dependencies (Platform Specific)        
2025-08-20 21:30:25,791 INFO     ___FILE_ONLY___  
2025-08-20 21:30:25,791 INFO     ___FILE_ONLY___ │ 
2025-08-20 21:30:25,791 INFO     ___FILE_ONLY___ 2021.04.16
2025-08-20 21:30:25,791 INFO     ___FILE_ONLY___  
2025-08-20 21:30:25,791 INFO     ___FILE_ONLY___ │ 
2025-08-20 21:30:25,791 INFO     ___FILE_ONLY___  < 1 MiB
2025-08-20 21:30:25,791 INFO     ___FILE_ONLY___  
2025-08-20 21:30:25,791 INFO     ___FILE_ONLY___ │
2025-08-20 21:30:25,791 INFO     ___FILE_ONLY___ 

2025-08-20 21:30:25,791 INFO     ___FILE_ONLY___ └─────────────────────────────────────────────────────┴────────────┴──────────┘
2025-08-20 21:30:25,791 INFO     ___FILE_ONLY___ 

2025-08-20 21:30:25,791 INFO     ___FILE_ONLY___ 

2025-08-20 21:30:25,794 DEBUG    urllib3.connectionpool Starting new HTTPS connection (1): dl.google.com:443
2025-08-20 21:30:26,794 DEBUG    urllib3.connectionpool https://dl.google.com:443 "GET /dl/cloudsdk/channels/rapid/RELEASE_NOTES HTTP/11" 200 1469015
2025-08-20 21:30:27,410 INFO     ___FILE_ONLY___ For the latest full release notes, please visit:
  https://cloud.google.com/sdk/release_notes


2025-08-20 21:30:27,410 INFO     ___FILE_ONLY___ Performing in place update...


2025-08-20 21:30:27,412 INFO     ___FILE_ONLY___ ╔════════════════════════════════════════════════════════════╗

2025-08-20 21:30:27,413 INFO     ___FILE_ONLY___ ╠═ Downloading: BigQuery Command Line Tool                  ═╣

2025-08-20 21:30:27,413 INFO     ___FILE_ONLY___ ╚
2025-08-20 21:30:27,416 DEBUG    urllib3.connectionpool Starting new HTTPS connection (1): dl.google.com:443
2025-08-20 21:30:28,355 DEBUG    urllib3.connectionpool https://dl.google.com:443 "GET /dl/cloudsdk/channels/rapid/components/google-cloud-sdk-bq-20250801150402.tar.gz HTTP/11" 200 1856357
2025-08-20 21:30:28,370 INFO     ___FILE_ONLY___ ═
2025-08-20 21:30:28,371 INFO     ___FILE_ONLY___ ═
2025-08-20 21:30:28,371 INFO     ___FILE_ONLY___ ═
2025-08-20 21:30:28,371 INFO     ___FILE_ONLY___ ═
2025-08-20 21:30:28,371 INFO     ___FILE_ONLY___ ═
2025-08-20 21:30:28,371 INFO     ___FILE_ONLY___ ═
2025-08-20 21:30:28,371 INFO     ___FILE_ONLY___ ═
2025-08-20 21:30:28,371 INFO     ___FILE_ONLY___ ═
2025-08-20 21:30:28,371 INFO     ___FILE_ONLY___ ═
2025-08-20 21:30:28,371 INFO     ___FILE_ONLY___ ═
2025-08-20 21:30:28,371 INFO     ___FILE_ONLY___ ═
2025-08-20 21:30:28,372 INFO     ___FILE_ONLY___ ═
2025-08-20 21:30:28,372 INFO     ___FILE_ONLY___ ═
2025-08-20 21:30:28,372 INFO     ___FILE_ONLY___ ═
2025-08-20 21:30:28,372 INFO     ___FILE_ONLY___ ═
2025-08-20 21:30:28,372 INFO     ___FILE_ONLY___ ═
2025-08-20 21:30:28,372 INFO     ___FILE_ONLY___ ═
2025-08-20 21:30:28,372 INFO     ___FILE_ONLY___ ═
2025-08-20 21:30:28,372 INFO     ___FILE_ONLY___ ═
2025-08-20 21:30:28,372 INFO     ___FILE_ONLY___ ═
2025-08-20 21:30:28,372 INFO     ___FILE_ONLY___ ═
2025-08-20 21:30:28,372 INFO     ___FILE_ONLY___ ═
2025-08-20 21:30:28,372 INFO     ___FILE_ONLY___ ═
2025-08-20 21:30:28,373 INFO     ___FILE_ONLY___ ═
2025-08-20 21:30:28,373 INFO     ___FILE_ONLY___ ═
2025-08-20 21:30:28,373 INFO     ___FILE_ONLY___ ═
2025-08-20 21:30:28,373 INFO     ___FILE_ONLY___ ═
2025-08-20 21:30:28,373 INFO     ___FILE_ONLY___ ═
2025-08-20 21:30:28,373 INFO     ___FILE_ONLY___ ═
2025-08-20 21:30:28,373 INFO     ___FILE_ONLY___ ═
2025-08-20 21:30:28,373 INFO     ___FILE_ONLY___ ═
2025-08-20 21:30:28,373 INFO     ___FILE_ONLY___ ═
2025-08-20 21:30:28,373 INFO     ___FILE_ONLY___ ═
2025-08-20 21:30:28,373 INFO     ___FILE_ONLY___ ═
2025-08-20 21:30:28,373 INFO     ___FILE_ONLY___ ═
2025-08-20 21:30:28,374 INFO     ___FILE_ONLY___ ═
2025-08-20 21:30:28,374 INFO     ___FILE_ONLY___ ═
2025-08-20 21:30:28,374 INFO     ___FILE_ONLY___ ═
2025-08-20 21:30:28,374 INFO     ___FILE_ONLY___ ═
2025-08-20 21:30:28,374 INFO     ___FILE_ONLY___ ═
2025-08-20 21:30:28,374 INFO     ___FILE_ONLY___ ═
2025-08-20 21:30:28,374 INFO     ___FILE_ONLY___ ═
2025-08-20 21:30:28,374 INFO     ___FILE_ONLY___ ═
2025-08-20 21:30:28,374 INFO     ___FILE_ONLY___ ═
2025-08-20 21:30:28,374 INFO     ___FILE_ONLY___ ═
2025-08-20 21:30:28,374 INFO     ___FILE_ONLY___ ═
2025-08-20 21:30:28,375 INFO     ___FILE_ONLY___ ═
2025-08-20 21:30:28,375 INFO     ___FILE_ONLY___ ═
2025-08-20 21:30:28,375 INFO     ___FILE_ONLY___ ═
2025-08-20 21:30:28,375 INFO     ___FILE_ONLY___ ═
2025-08-20 21:30:28,375 INFO     ___FILE_ONLY___ ═
2025-08-20 21:30:28,375 INFO     ___FILE_ONLY___ ═
2025-08-20 21:30:28,375 INFO     ___FILE_ONLY___ ═
2025-08-20 21:30:28,375 INFO     ___FILE_ONLY___ ═
2025-08-20 21:30:28,375 INFO     ___FILE_ONLY___ ═
2025-08-20 21:30:28,375 INFO     ___FILE_ONLY___ ═
2025-08-20 21:30:28,375 INFO     ___FILE_ONLY___ ═
2025-08-20 21:30:28,376 INFO     ___FILE_ONLY___ ═
2025-08-20 21:30:28,376 INFO     ___FILE_ONLY___ ═
2025-08-20 21:30:28,376 INFO     ___FILE_ONLY___ ═
2025-08-20 21:30:28,376 INFO     ___FILE_ONLY___ ╝

2025-08-20 21:30:28,378 INFO     ___FILE_ONLY___ ╔════════════════════════════════════════════════════════════╗

2025-08-20 21:30:28,378 INFO     ___FILE_ONLY___ ╠═ Downloading: BigQuery Command Line Tool (Platform Spe... ═╣

2025-08-20 21:30:28,378 INFO     ___FILE_ONLY___ ╚
2025-08-20 21:30:28,381 DEBUG    urllib3.connectionpool Starting new HTTPS connection (1): dl.google.com:443
2025-08-20 21:30:29,299 DEBUG    urllib3.connectionpool https://dl.google.com:443 "GET /dl/cloudsdk/channels/rapid/components/google-cloud-sdk-bq-nix-20250523104322.tar.gz HTTP/11" 200 1935
2025-08-20 21:30:29,299 INFO     ___FILE_ONLY___ ════════════════════════════════════════════════════════════
2025-08-20 21:30:29,300 INFO     ___FILE_ONLY___ ╝

2025-08-20 21:30:29,302 INFO     ___FILE_ONLY___ ╔════════════════════════════════════════════════════════════╗

2025-08-20 21:30:29,302 INFO     ___FILE_ONLY___ ╠═ Downloading: Bundled Python 3.12                         ═╣

2025-08-20 21:30:29,302 INFO     ___FILE_ONLY___ ╚
2025-08-20 21:30:29,302 INFO     ___FILE_ONLY___ ════════════════════════════════════════════════════════════
2025-08-20 21:30:29,302 INFO     ___FILE_ONLY___ ╝

2025-08-20 21:30:29,304 INFO     ___FILE_ONLY___ ╔════════════════════════════════════════════════════════════╗

2025-08-20 21:30:29,304 INFO     ___FILE_ONLY___ ╠═ Downloading: Bundled Python 3.12 (Platform Specific)     ═╣

2025-08-20 21:30:29,304 INFO     ___FILE_ONLY___ ╚
2025-08-20 21:30:29,307 DEBUG    urllib3.connectionpool Starting new HTTPS connection (1): dl.google.com:443
2025-08-20 21:30:30,278 DEBUG    urllib3.connectionpool https://dl.google.com:443 "GET /dl/cloudsdk/channels/rapid/components/google-cloud-sdk-bundled-python3-unix-linux-x86_64-20250502143716.tar.gz HTTP/11" 200 93610468
2025-08-20 21:30:30,595 INFO     ___FILE_ONLY___ ═
2025-08-20 21:30:30,597 INFO     ___FILE_ONLY___ ═
2025-08-20 21:30:30,599 INFO     ___FILE_ONLY___ ═
2025-08-20 21:30:30,600 INFO     ___FILE_ONLY___ ═
2025-08-20 21:30:30,602 INFO     ___FILE_ONLY___ ═
2025-08-20 21:30:30,604 INFO     ___FILE_ONLY___ ═
2025-08-20 21:30:30,606 INFO     ___FILE_ONLY___ ═
2025-08-20 21:30:30,608 INFO     ___FILE_ONLY___ ═
2025-08-20 21:30:30,609 INFO     ___FILE_ONLY___ ═
2025-08-20 21:30:30,611 INFO     ___FILE_ONLY___ ═
2025-08-20 21:30:30,613 INFO     ___FILE_ONLY___ ═
2025-08-20 21:30:30,614 INFO     ___FILE_ONLY___ ═
2025-08-20 21:30:30,616 INFO     ___FILE_ONLY___ ═
2025-08-20 21:30:30,617 INFO     ___FILE_ONLY___ ═
2025-08-20 21:30:30,619 INFO     ___FILE_ONLY___ ═
2025-08-20 21:30:30,621 INFO     ___FILE_ONLY___ ═
2025-08-20 21:30:30,622 INFO     ___FILE_ONLY___ ═
2025-08-20 21:30:30,624 INFO     ___FILE_ONLY___ ═
2025-08-20 21:30:30,625 INFO     ___FILE_ONLY___ ═
2025-08-20 21:30:30,627 INFO     ___FILE_ONLY___ ═
2025-08-20 21:30:30,629 INFO     ___FILE_ONLY___ ═
2025-08-20 21:30:30,630 INFO     ___FILE_ONLY___ ═
2025-08-20 21:30:30,632 INFO     ___FILE_ONLY___ ═
2025-08-20 21:30:30,634 INFO     ___FILE_ONLY___ ═
2025-08-20 21:30:30,635 INFO     ___FILE_ONLY___ ═
2025-08-20 21:30:30,637 INFO     ___FILE_ONLY___ ═
2025-08-20 21:30:30,638 INFO     ___FILE_ONLY___ ═
2025-08-20 21:30:30,640 INFO     ___FILE_ONLY___ ═
2025-08-20 21:30:30,642 INFO     ___FILE_ONLY___ ═
2025-08-20 21:30:30,643 INFO     ___FILE_ONLY___ ═
2025-08-20 21:30:30,645 INFO     ___FILE_ONLY___ ═
2025-08-20 21:30:30,646 INFO     ___FILE_ONLY___ ═
2025-08-20 21:30:30,648 INFO     ___FILE_ONLY___ ═
2025-08-20 21:30:30,650 INFO     ___FILE_ONLY___ ═
2025-08-20 21:30:30,651 INFO     ___FILE_ONLY___ ═
2025-08-20 21:30:30,653 INFO     ___FILE_ONLY___ ═
2025-08-20 21:30:30,655 INFO     ___FILE_ONLY___ ═
2025-08-20 21:30:30,656 INFO     ___FILE_ONLY___ ═
2025-08-20 21:30:30,658 INFO     ___FILE_ONLY___ ═
2025-08-20 21:30:30,659 INFO     ___FILE_ONLY___ ═
2025-08-20 21:30:30,661 INFO     ___FILE_ONLY___ ═
2025-08-20 21:30:30,663 INFO     ___FILE_ONLY___ ═
2025-08-20 21:30:30,664 INFO     ___FILE_ONLY___ ═
2025-08-20 21:30:30,666 INFO     ___FILE_ONLY___ ═
2025-08-20 21:30:30,667 INFO     ___FILE_ONLY___ ═
2025-08-20 21:30:30,669 INFO     ___FILE_ONLY___ ═
2025-08-20 21:30:30,671 INFO     ___FILE_ONLY___ ═
2025-08-20 21:30:30,672 INFO     ___FILE_ONLY___ ═
2025-08-20 21:30:30,674 INFO     ___FILE_ONLY___ ═
2025-08-20 21:30:30,676 INFO     ___FILE_ONLY___ ═
2025-08-20 21:30:30,677 INFO     ___FILE_ONLY___ ═
2025-08-20 21:30:30,679 INFO     ___FILE_ONLY___ ═
2025-08-20 21:30:30,680 INFO     ___FILE_ONLY___ ═
2025-08-20 21:30:30,682 INFO     ___FILE_ONLY___ ═
2025-08-20 21:30:30,684 INFO     ___FILE_ONLY___ ═
2025-08-20 21:30:30,685 INFO     ___FILE_ONLY___ ═
2025-08-20 21:30:30,687 INFO     ___FILE_ONLY___ ═
2025-08-20 21:30:30,689 INFO     ___FILE_ONLY___ ═
2025-08-20 21:30:30,690 INFO     ___FILE_ONLY___ ═
2025-08-20 21:30:30,692 INFO     ___FILE_ONLY___ ═
2025-08-20 21:30:30,692 INFO     ___FILE_ONLY___ ╝

2025-08-20 21:30:30,694 INFO     ___FILE_ONLY___ ╔════════════════════════════════════════════════════════════╗

2025-08-20 21:30:30,694 INFO     ___FILE_ONLY___ ╠═ Downloading: Cloud Storage Command Line Tool             ═╣

2025-08-20 21:30:30,694 INFO     ___FILE_ONLY___ ╚
2025-08-20 21:30:30,697 DEBUG    urllib3.connectionpool Starting new HTTPS connection (1): dl.google.com:443
2025-08-20 21:30:30,883 DEBUG    urllib3.connectionpool https://dl.google.com:443 "GET /dl/cloudsdk/channels/rapid/components/google-cloud-sdk-gsutil-20250627154417.tar.gz HTTP/11" 200 12962791
2025-08-20 21:30:30,942 INFO     ___FILE_ONLY___ ═
2025-08-20 21:30:30,943 INFO     ___FILE_ONLY___ ═
2025-08-20 21:30:30,943 INFO     ___FILE_ONLY___ ═
2025-08-20 21:30:30,943 INFO     ___FILE_ONLY___ ═
2025-08-20 21:30:30,944 INFO     ___FILE_ONLY___ ═
2025-08-20 21:30:30,944 INFO     ___FILE_ONLY___ ═
2025-08-20 21:30:30,944 INFO     ___FILE_ONLY___ ═
2025-08-20 21:30:30,945 INFO     ___FILE_ONLY___ ═
2025-08-20 21:30:30,945 INFO     ___FILE_ONLY___ ═
2025-08-20 21:30:30,945 INFO     ___FILE_ONLY___ ═
2025-08-20 21:30:30,945 INFO     ___FILE_ONLY___ ═
2025-08-20 21:30:30,946 INFO     ___FILE_ONLY___ ═
2025-08-20 21:30:30,946 INFO     ___FILE_ONLY___ ═
2025-08-20 21:30:30,946 INFO     ___FILE_ONLY___ ═
2025-08-20 21:30:30,946 INFO     ___FILE_ONLY___ ═
2025-08-20 21:30:30,947 INFO     ___FILE_ONLY___ ═
2025-08-20 21:30:30,947 INFO     ___FILE_ONLY___ ═
2025-08-20 21:30:30,947 INFO     ___FILE_ONLY___ ═
2025-08-20 21:30:30,948 INFO     ___FILE_ONLY___ ═
2025-08-20 21:30:30,948 INFO     ___FILE_ONLY___ ═
2025-08-20 21:30:30,948 INFO     ___FILE_ONLY___ ═
2025-08-20 21:30:30,948 INFO     ___FILE_ONLY___ ═
2025-08-20 21:30:30,949 INFO     ___FILE_ONLY___ ═
2025-08-20 21:30:30,949 INFO     ___FILE_ONLY___ ═
2025-08-20 21:30:30,949 INFO     ___FILE_ONLY___ ═
2025-08-20 21:30:30,949 INFO     ___FILE_ONLY___ ═
2025-08-20 21:30:30,950 INFO     ___FILE_ONLY___ ═
2025-08-20 21:30:30,950 INFO     ___FILE_ONLY___ ═
2025-08-20 21:30:30,950 INFO     ___FILE_ONLY___ ═
2025-08-20 21:30:30,951 INFO     ___FILE_ONLY___ ═
2025-08-20 21:30:30,951 INFO     ___FILE_ONLY___ ═
2025-08-20 21:30:30,951 INFO     ___FILE_ONLY___ ═
2025-08-20 21:30:30,951 INFO     ___FILE_ONLY___ ═
2025-08-20 21:30:30,952 INFO     ___FILE_ONLY___ ═
2025-08-20 21:30:30,952 INFO     ___FILE_ONLY___ ═
2025-08-20 21:30:30,952 INFO     ___FILE_ONLY___ ═
2025-08-20 21:30:30,953 INFO     ___FILE_ONLY___ ═
2025-08-20 21:30:30,953 INFO     ___FILE_ONLY___ ═
2025-08-20 21:30:30,953 INFO     ___FILE_ONLY___ ═
2025-08-20 21:30:30,953 INFO     ___FILE_ONLY___ ═
2025-08-20 21:30:30,954 INFO     ___FILE_ONLY___ ═
2025-08-20 21:30:30,954 INFO     ___FILE_ONLY___ ═
2025-08-20 21:30:30,954 INFO     ___FILE_ONLY___ ═
2025-08-20 21:30:30,955 INFO     ___FILE_ONLY___ ═
2025-08-20 21:30:30,955 INFO     ___FILE_ONLY___ ═
2025-08-20 21:30:30,955 INFO     ___FILE_ONLY___ ═
2025-08-20 21:30:30,955 INFO     ___FILE_ONLY___ ═
2025-08-20 21:30:30,956 INFO     ___FILE_ONLY___ ═
2025-08-20 21:30:30,956 INFO     ___FILE_ONLY___ ═
2025-08-20 21:30:30,956 INFO     ___FILE_ONLY___ ═
2025-08-20 21:30:30,957 INFO     ___FILE_ONLY___ ═
2025-08-20 21:30:30,957 INFO     ___FILE_ONLY___ ═
2025-08-20 21:30:30,957 INFO     ___FILE_ONLY___ ═
2025-08-20 21:30:30,958 INFO     ___FILE_ONLY___ ═
2025-08-20 21:30:30,958 INFO     ___FILE_ONLY___ ═
2025-08-20 21:30:30,958 INFO     ___FILE_ONLY___ ═
2025-08-20 21:30:30,958 INFO     ___FILE_ONLY___ ═
2025-08-20 21:30:30,959 INFO     ___FILE_ONLY___ ═
2025-08-20 21:30:30,959 INFO     ___FILE_ONLY___ ═
2025-08-20 21:30:30,959 INFO     ___FILE_ONLY___ ═
2025-08-20 21:30:30,959 INFO     ___FILE_ONLY___ ╝

2025-08-20 21:30:30,962 INFO     ___FILE_ONLY___ ╔════════════════════════════════════════════════════════════╗

2025-08-20 21:30:30,962 INFO     ___FILE_ONLY___ ╠═ Downloading: Cloud Storage Command Line Tool (Platfor... ═╣

2025-08-20 21:30:30,962 INFO     ___FILE_ONLY___ ╚
2025-08-20 21:30:30,965 DEBUG    urllib3.connectionpool Starting new HTTPS connection (1): dl.google.com:443
2025-08-20 21:30:31,971 DEBUG    urllib3.connectionpool https://dl.google.com:443 "GET /dl/cloudsdk/channels/rapid/components/google-cloud-sdk-gsutil-nix-20250523104322.tar.gz HTTP/11" 200 1950
2025-08-20 21:30:31,971 INFO     ___FILE_ONLY___ ════════════════════════════════════════════════════════════
2025-08-20 21:30:31,972 INFO     ___FILE_ONLY___ ╝

2025-08-20 21:30:31,974 INFO     ___FILE_ONLY___ ╔════════════════════════════════════════════════════════════╗

2025-08-20 21:30:31,974 INFO     ___FILE_ONLY___ ╠═ Downloading: Default set of gcloud commands              ═╣

2025-08-20 21:30:31,974 INFO     ___FILE_ONLY___ ╚
2025-08-20 21:30:31,974 INFO     ___FILE_ONLY___ ════════════════════════════════════════════════════════════
2025-08-20 21:30:31,974 INFO     ___FILE_ONLY___ ╝

2025-08-20 21:30:31,976 INFO     ___FILE_ONLY___ ╔════════════════════════════════════════════════════════════╗

2025-08-20 21:30:31,976 INFO     ___FILE_ONLY___ ╠═ Downloading: Google Cloud CLI Core Libraries (Platfor... ═╣

2025-08-20 21:30:31,976 INFO     ___FILE_ONLY___ ╚
2025-08-20 21:30:31,978 DEBUG    urllib3.connectionpool Starting new HTTPS connection (1): dl.google.com:443
2025-08-20 21:30:32,884 DEBUG    urllib3.connectionpool https://dl.google.com:443 "GET /dl/cloudsdk/channels/rapid/components/google-cloud-sdk-core-nix-20250523104322.tar.gz HTTP/11" 200 2325
2025-08-20 21:30:32,885 INFO     ___FILE_ONLY___ ════════════════════════════════════════════════════════════
2025-08-20 21:30:32,885 INFO     ___FILE_ONLY___ ╝

2025-08-20 21:30:32,887 INFO     ___FILE_ONLY___ ╔════════════════════════════════════════════════════════════╗

2025-08-20 21:30:32,887 INFO     ___FILE_ONLY___ ╠═ Downloading: Google Cloud CRC32C Hash Tool               ═╣

2025-08-20 21:30:32,887 INFO     ___FILE_ONLY___ ╚
2025-08-20 21:30:32,887 INFO     ___FILE_ONLY___ ════════════════════════════════════════════════════════════
2025-08-20 21:30:32,887 INFO     ___FILE_ONLY___ ╝

2025-08-20 21:30:32,889 INFO     ___FILE_ONLY___ ╔════════════════════════════════════════════════════════════╗

2025-08-20 21:30:32,889 INFO     ___FILE_ONLY___ ╠═ Downloading: Google Cloud CRC32C Hash Tool (Platform ... ═╣

2025-08-20 21:30:32,889 INFO     ___FILE_ONLY___ ╚
2025-08-20 21:30:32,892 DEBUG    urllib3.connectionpool Starting new HTTPS connection (1): dl.google.com:443
2025-08-20 21:30:33,825 DEBUG    urllib3.connectionpool https://dl.google.com:443 "GET /dl/cloudsdk/channels/rapid/components/google-cloud-sdk-gcloud-crc32c-linux-x86_64-20250613150750.tar.gz HTTP/11" 200 1525557
2025-08-20 21:30:33,836 INFO     ___FILE_ONLY___ ═
2025-08-20 21:30:33,836 INFO     ___FILE_ONLY___ ═
2025-08-20 21:30:33,836 INFO     ___FILE_ONLY___ ═
2025-08-20 21:30:33,836 INFO     ___FILE_ONLY___ ═
2025-08-20 21:30:33,837 INFO     ___FILE_ONLY___ ═
2025-08-20 21:30:33,837 INFO     ___FILE_ONLY___ ═
2025-08-20 21:30:33,837 INFO     ___FILE_ONLY___ ═
2025-08-20 21:30:33,837 INFO     ___FILE_ONLY___ ═
2025-08-20 21:30:33,837 INFO     ___FILE_ONLY___ ═
2025-08-20 21:30:33,837 INFO     ___FILE_ONLY___ ═
2025-08-20 21:30:33,837 INFO     ___FILE_ONLY___ ═
2025-08-20 21:30:33,837 INFO     ___FILE_ONLY___ ═
2025-08-20 21:30:33,837 INFO     ___FILE_ONLY___ ═
2025-08-20 21:30:33,838 INFO     ___FILE_ONLY___ ═
2025-08-20 21:30:33,838 INFO     ___FILE_ONLY___ ═
2025-08-20 21:30:33,838 INFO     ___FILE_ONLY___ ═
2025-08-20 21:30:33,838 INFO     ___FILE_ONLY___ ═
2025-08-20 21:30:33,838 INFO     ___FILE_ONLY___ ═
2025-08-20 21:30:33,838 INFO     ___FILE_ONLY___ ═
2025-08-20 21:30:33,838 INFO     ___FILE_ONLY___ ═
2025-08-20 21:30:33,838 INFO     ___FILE_ONLY___ ═
2025-08-20 21:30:33,839 INFO     ___FILE_ONLY___ ═
2025-08-20 21:30:33,839 INFO     ___FILE_ONLY___ ═
2025-08-20 21:30:33,839 INFO     ___FILE_ONLY___ ═
2025-08-20 21:30:33,839 INFO     ___FILE_ONLY___ ═
2025-08-20 21:30:33,839 INFO     ___FILE_ONLY___ ═
2025-08-20 21:30:33,839 INFO     ___FILE_ONLY___ ═
2025-08-20 21:30:33,839 INFO     ___FILE_ONLY___ ═
2025-08-20 21:30:33,839 INFO     ___FILE_ONLY___ ═
2025-08-20 21:30:33,839 INFO     ___FILE_ONLY___ ═
2025-08-20 21:30:33,839 INFO     ___FILE_ONLY___ ═
2025-08-20 21:30:33,839 INFO     ___FILE_ONLY___ ═
2025-08-20 21:30:33,840 INFO     ___FILE_ONLY___ ═
2025-08-20 21:30:33,840 INFO     ___FILE_ONLY___ ═
2025-08-20 21:30:33,840 INFO     ___FILE_ONLY___ ═
2025-08-20 21:30:33,840 INFO     ___FILE_ONLY___ ═
2025-08-20 21:30:33,840 INFO     ___FILE_ONLY___ ═
2025-08-20 21:30:33,840 INFO     ___FILE_ONLY___ ═
2025-08-20 21:30:33,840 INFO     ___FILE_ONLY___ ═
2025-08-20 21:30:33,840 INFO     ___FILE_ONLY___ ═
2025-08-20 21:30:33,841 INFO     ___FILE_ONLY___ ═
2025-08-20 21:30:33,841 INFO     ___FILE_ONLY___ ═
2025-08-20 21:30:33,841 INFO     ___FILE_ONLY___ ═
2025-08-20 21:30:33,841 INFO     ___FILE_ONLY___ ═
2025-08-20 21:30:33,841 INFO     ___FILE_ONLY___ ═
2025-08-20 21:30:33,841 INFO     ___FILE_ONLY___ ═
2025-08-20 21:30:33,841 INFO     ___FILE_ONLY___ ═
2025-08-20 21:30:33,841 INFO     ___FILE_ONLY___ ═
2025-08-20 21:30:33,841 INFO     ___FILE_ONLY___ ═
2025-08-20 21:30:33,842 INFO     ___FILE_ONLY___ ═
2025-08-20 21:30:33,842 INFO     ___FILE_ONLY___ ═
2025-08-20 21:30:33,842 INFO     ___FILE_ONLY___ ═
2025-08-20 21:30:33,842 INFO     ___FILE_ONLY___ ═
2025-08-20 21:30:33,842 INFO     ___FILE_ONLY___ ═
2025-08-20 21:30:33,842 INFO     ___FILE_ONLY___ ═
2025-08-20 21:30:33,842 INFO     ___FILE_ONLY___ ═
2025-08-20 21:30:33,842 INFO     ___FILE_ONLY___ ═
2025-08-20 21:30:33,842 INFO     ___FILE_ONLY___ ═
2025-08-20 21:30:33,842 INFO     ___FILE_ONLY___ ═
2025-08-20 21:30:33,843 INFO     ___FILE_ONLY___ ═
2025-08-20 21:30:33,843 INFO     ___FILE_ONLY___ ╝

2025-08-20 21:30:33,845 INFO     ___FILE_ONLY___ ╔════════════════════════════════════════════════════════════╗

2025-08-20 21:30:33,845 INFO     ___FILE_ONLY___ ╠═ Downloading: gcloud cli dependencies (Platform Specific) ═╣

2025-08-20 21:30:33,845 INFO     ___FILE_ONLY___ ╚
2025-08-20 21:30:33,850 DEBUG    urllib3.connectionpool Starting new HTTPS connection (1): dl.google.com:443
2025-08-20 21:30:34,766 DEBUG    urllib3.connectionpool https://dl.google.com:443 "GET /dl/cloudsdk/channels/rapid/components/google-cloud-sdk-gcloud-deps-linux-x86_64-20210416153011.tar.gz HTTP/11" 200 104
2025-08-20 21:30:34,766 INFO     ___FILE_ONLY___ ════════════════════════════════════════════════════════════
2025-08-20 21:30:34,767 INFO     ___FILE_ONLY___ ╝

2025-08-20 21:30:34,769 INFO     ___FILE_ONLY___ ╔════════════════════════════════════════════════════════════╗

2025-08-20 21:30:34,769 INFO     ___FILE_ONLY___ ╠═ Installing: BigQuery Command Line Tool                   ═╣

2025-08-20 21:30:34,769 INFO     ___FILE_ONLY___ ╚
2025-08-20 21:30:34,862 INFO     ___FILE_ONLY___ ═
2025-08-20 21:30:34,865 INFO     ___FILE_ONLY___ ═
2025-08-20 21:30:34,868 INFO     ___FILE_ONLY___ ═
2025-08-20 21:30:34,870 INFO     ___FILE_ONLY___ ═
2025-08-20 21:30:34,874 INFO     ___FILE_ONLY___ ═
2025-08-20 21:30:34,877 INFO     ___FILE_ONLY___ ═
2025-08-20 21:30:34,880 INFO     ___FILE_ONLY___ ═
2025-08-20 21:30:34,882 INFO     ___FILE_ONLY___ ═
2025-08-20 21:30:34,884 INFO     ___FILE_ONLY___ ═
2025-08-20 21:30:34,887 INFO     ___FILE_ONLY___ ═
2025-08-20 21:30:34,890 INFO     ___FILE_ONLY___ ═
2025-08-20 21:30:34,892 INFO     ___FILE_ONLY___ ═
2025-08-20 21:30:34,895 INFO     ___FILE_ONLY___ ═
2025-08-20 21:30:34,897 INFO     ___FILE_ONLY___ ═
2025-08-20 21:30:34,899 INFO     ___FILE_ONLY___ ═
2025-08-20 21:30:34,902 INFO     ___FILE_ONLY___ ═
2025-08-20 21:30:34,905 INFO     ___FILE_ONLY___ ═
2025-08-20 21:30:34,908 INFO     ___FILE_ONLY___ ═
2025-08-20 21:30:34,910 INFO     ___FILE_ONLY___ ═
2025-08-20 21:30:34,914 INFO     ___FILE_ONLY___ ═
2025-08-20 21:30:34,916 INFO     ___FILE_ONLY___ ═
2025-08-20 21:30:34,918 INFO     ___FILE_ONLY___ ═
2025-08-20 21:30:34,921 INFO     ___FILE_ONLY___ ═
2025-08-20 21:30:34,922 INFO     ___FILE_ONLY___ ═
2025-08-20 21:30:34,924 INFO     ___FILE_ONLY___ ═
2025-08-20 21:30:34,926 INFO     ___FILE_ONLY___ ═
2025-08-20 21:30:34,928 INFO     ___FILE_ONLY___ ═
2025-08-20 21:30:34,930 INFO     ___FILE_ONLY___ ═
2025-08-20 21:30:34,932 INFO     ___FILE_ONLY___ ═
2025-08-20 21:30:34,936 INFO     ___FILE_ONLY___ ═
2025-08-20 21:30:34,937 INFO     ___FILE_ONLY___ ═
2025-08-20 21:30:34,939 INFO     ___FILE_ONLY___ ═
2025-08-20 21:30:34,941 INFO     ___FILE_ONLY___ ═
2025-08-20 21:30:34,944 INFO     ___FILE_ONLY___ ═
2025-08-20 21:30:34,947 INFO     ___FILE_ONLY___ ═
2025-08-20 21:30:34,953 INFO     ___FILE_ONLY___ ═
2025-08-20 21:30:34,958 INFO     ___FILE_ONLY___ ═
2025-08-20 21:30:34,963 INFO     ___FILE_ONLY___ ═
2025-08-20 21:30:34,965 INFO     ___FILE_ONLY___ ═
2025-08-20 21:30:34,967 INFO     ___FILE_ONLY___ ═
2025-08-20 21:30:34,969 INFO     ___FILE_ONLY___ ═
2025-08-20 21:30:34,971 INFO     ___FILE_ONLY___ ═
2025-08-20 21:30:34,975 INFO     ___FILE_ONLY___ ═
2025-08-20 21:30:34,978 INFO     ___FILE_ONLY___ ═
2025-08-20 21:30:34,980 INFO     ___FILE_ONLY___ ═
2025-08-20 21:30:34,982 INFO     ___FILE_ONLY___ ═
2025-08-20 21:30:34,984 INFO     ___FILE_ONLY___ ═
2025-08-20 21:30:34,986 INFO     ___FILE_ONLY___ ═
2025-08-20 21:30:34,988 INFO     ___FILE_ONLY___ ═
2025-08-20 21:30:34,990 INFO     ___FILE_ONLY___ ═
2025-08-20 21:30:34,992 INFO     ___FILE_ONLY___ ═
2025-08-20 21:30:34,994 INFO     ___FILE_ONLY___ ═
2025-08-20 21:30:34,996 INFO     ___FILE_ONLY___ ═
2025-08-20 21:30:34,998 INFO     ___FILE_ONLY___ ═
2025-08-20 21:30:35,000 INFO     ___FILE_ONLY___ ═
2025-08-20 21:30:35,002 INFO     ___FILE_ONLY___ ═
2025-08-20 21:30:35,004 INFO     ___FILE_ONLY___ ═
2025-08-20 21:30:35,006 INFO     ___FILE_ONLY___ ═
2025-08-20 21:30:35,008 INFO     ___FILE_ONLY___ ═
2025-08-20 21:30:35,010 INFO     ___FILE_ONLY___ ═
2025-08-20 21:30:35,010 INFO     ___FILE_ONLY___ ╝

2025-08-20 21:30:35,020 INFO     ___FILE_ONLY___ ╔════════════════════════════════════════════════════════════╗

2025-08-20 21:30:35,020 INFO     ___FILE_ONLY___ ╠═ Installing: BigQuery Command Line Tool (Platform Spec... ═╣

2025-08-20 21:30:35,020 INFO     ___FILE_ONLY___ ╚
2025-08-20 21:30:35,021 INFO     ___FILE_ONLY___ ════════════════════════════════════════════════════════════
2025-08-20 21:30:35,021 INFO     ___FILE_ONLY___ ╝

2025-08-20 21:30:35,025 INFO     ___FILE_ONLY___ ╔════════════════════════════════════════════════════════════╗

2025-08-20 21:30:35,025 INFO     ___FILE_ONLY___ ╠═ Installing: Bundled Python 3.12                          ═╣

2025-08-20 21:30:35,025 INFO     ___FILE_ONLY___ ╚
2025-08-20 21:30:35,028 INFO     ___FILE_ONLY___ ════════════════════════════════════════════════════════════
2025-08-20 21:30:35,028 INFO     ___FILE_ONLY___ ╝

2025-08-20 21:30:35,030 INFO     ___FILE_ONLY___ ╔════════════════════════════════════════════════════════════╗

2025-08-20 21:30:35,030 INFO     ___FILE_ONLY___ ╠═ Installing: Bundled Python 3.12 (Platform Specific)      ═╣

2025-08-20 21:30:35,030 INFO     ___FILE_ONLY___ ╚
2025-08-20 21:30:37,164 INFO     ___FILE_ONLY___ ═
2025-08-20 21:30:37,175 INFO     ___FILE_ONLY___ ═
2025-08-20 21:30:37,186 INFO     ___FILE_ONLY___ ═
2025-08-20 21:30:37,198 INFO     ___FILE_ONLY___ ═
2025-08-20 21:30:37,210 INFO     ___FILE_ONLY___ ═
2025-08-20 21:30:37,222 INFO     ___FILE_ONLY___ ═
2025-08-20 21:30:37,234 INFO     ___FILE_ONLY___ ═
2025-08-20 21:30:37,245 INFO     ___FILE_ONLY___ ═
2025-08-20 21:30:37,257 INFO     ___FILE_ONLY___ ═
2025-08-20 21:30:37,269 INFO     ___FILE_ONLY___ ═
2025-08-20 21:30:37,281 INFO     ___FILE_ONLY___ ═
2025-08-20 21:30:37,293 INFO     ___FILE_ONLY___ ═
2025-08-20 21:30:37,305 INFO     ___FILE_ONLY___ ═
2025-08-20 21:30:37,316 INFO     ___FILE_ONLY___ ═
2025-08-20 21:30:37,329 INFO     ___FILE_ONLY___ ═
2025-08-20 21:30:37,340 INFO     ___FILE_ONLY___ ═
2025-08-20 21:30:37,352 INFO     ___FILE_ONLY___ ═
2025-08-20 21:30:37,364 INFO     ___FILE_ONLY___ ═
2025-08-20 21:30:37,376 INFO     ___FILE_ONLY___ ═
2025-08-20 21:30:37,388 INFO     ___FILE_ONLY___ ═
2025-08-20 21:30:37,400 INFO     ___FILE_ONLY___ ═
2025-08-20 21:30:37,412 INFO     ___FILE_ONLY___ ═
2025-08-20 21:30:37,424 INFO     ___FILE_ONLY___ ═
2025-08-20 21:30:37,435 INFO     ___FILE_ONLY___ ═
2025-08-20 21:30:37,447 INFO     ___FILE_ONLY___ ═
2025-08-20 21:30:37,459 INFO     ___FILE_ONLY___ ═
2025-08-20 21:30:37,471 INFO     ___FILE_ONLY___ ═
2025-08-20 21:30:37,482 INFO     ___FILE_ONLY___ ═
2025-08-20 21:30:37,495 INFO     ___FILE_ONLY___ ═
2025-08-20 21:30:37,507 INFO     ___FILE_ONLY___ ═
2025-08-20 21:30:37,519 INFO     ___FILE_ONLY___ ═
2025-08-20 21:30:37,531 INFO     ___FILE_ONLY___ ═
2025-08-20 21:30:37,543 INFO     ___FILE_ONLY___ ═
2025-08-20 21:30:37,556 INFO     ___FILE_ONLY___ ═
2025-08-20 21:30:37,571 INFO     ___FILE_ONLY___ ═
2025-08-20 21:30:37,587 INFO     ___FILE_ONLY___ ═
2025-08-20 21:30:38,416 INFO     ___FILE_ONLY___ ═
2025-08-20 21:30:38,440 INFO     ___FILE_ONLY___ ═
2025-08-20 21:30:38,912 INFO     ___FILE_ONLY___ ═
2025-08-20 21:30:38,930 INFO     ___FILE_ONLY___ ═
2025-08-20 21:30:38,951 INFO     ___FILE_ONLY___ ═
2025-08-20 21:30:38,975 INFO     ___FILE_ONLY___ ═
2025-08-20 21:30:38,992 INFO     ___FILE_ONLY___ ═
2025-08-20 21:30:39,018 INFO     ___FILE_ONLY___ ═
2025-08-20 21:30:39,038 INFO     ___FILE_ONLY___ ═
2025-08-20 21:30:39,056 INFO     ___FILE_ONLY___ ═
2025-08-20 21:30:39,072 INFO     ___FILE_ONLY___ ═
2025-08-20 21:30:39,089 INFO     ___FILE_ONLY___ ═
2025-08-20 21:30:39,175 INFO     ___FILE_ONLY___ ═
2025-08-20 21:30:39,192 INFO     ___FILE_ONLY___ ═
2025-08-20 21:30:39,326 INFO     ___FILE_ONLY___ ═
2025-08-20 21:30:39,343 INFO     ___FILE_ONLY___ ═
2025-08-20 21:30:39,360 INFO     ___FILE_ONLY___ ═
2025-08-20 21:30:39,377 INFO     ___FILE_ONLY___ ═
2025-08-20 21:30:39,392 INFO     ___FILE_ONLY___ ═
2025-08-20 21:30:39,409 INFO     ___FILE_ONLY___ ═
2025-08-20 21:30:39,426 INFO     ___FILE_ONLY___ ═
2025-08-20 21:30:39,442 INFO     ___FILE_ONLY___ ═
2025-08-20 21:30:39,469 INFO     ___FILE_ONLY___ ═
2025-08-20 21:30:39,954 INFO     ___FILE_ONLY___ ═
2025-08-20 21:30:39,954 INFO     ___FILE_ONLY___ ╝

2025-08-20 21:30:40,004 INFO     ___FILE_ONLY___ ╔════════════════════════════════════════════════════════════╗

2025-08-20 21:30:40,004 INFO     ___FILE_ONLY___ ╠═ Installing: Cloud Storage Command Line Tool              ═╣

2025-08-20 21:30:40,004 INFO     ___FILE_ONLY___ ╚
2025-08-20 21:30:40,559 INFO     ___FILE_ONLY___ ═
2025-08-20 21:30:40,573 INFO     ___FILE_ONLY___ ═
2025-08-20 21:30:40,584 INFO     ___FILE_ONLY___ ═
2025-08-20 21:30:40,594 INFO     ___FILE_ONLY___ ═
2025-08-20 21:30:40,603 INFO     ___FILE_ONLY___ ═
2025-08-20 21:30:40,637 INFO     ___FILE_ONLY___ ═
2025-08-20 21:30:40,649 INFO     ___FILE_ONLY___ ═
2025-08-20 21:30:40,664 INFO     ___FILE_ONLY___ ═
2025-08-20 21:30:40,679 INFO     ___FILE_ONLY___ ═
2025-08-20 21:30:40,693 INFO     ___FILE_ONLY___ ═
2025-08-20 21:30:40,710 INFO     ___FILE_ONLY___ ═
2025-08-20 21:30:40,721 INFO     ___FILE_ONLY___ ═
2025-08-20 21:30:40,732 INFO     ___FILE_ONLY___ ═
2025-08-20 21:30:40,741 INFO     ___FILE_ONLY___ ═
2025-08-20 21:30:40,750 INFO     ___FILE_ONLY___ ═
2025-08-20 21:30:40,766 INFO     ___FILE_ONLY___ ═
2025-08-20 21:30:40,779 INFO     ___FILE_ONLY___ ═
2025-08-20 21:30:40,788 INFO     ___FILE_ONLY___ ═
2025-08-20 21:30:40,800 INFO     ___FILE_ONLY___ ═
2025-08-20 21:30:40,811 INFO     ___FILE_ONLY___ ═
2025-08-20 21:30:40,821 INFO     ___FILE_ONLY___ ═
2025-08-20 21:30:40,833 INFO     ___FILE_ONLY___ ═
2025-08-20 21:30:40,843 INFO     ___FILE_ONLY___ ═
2025-08-20 21:30:40,854 INFO     ___FILE_ONLY___ ═
2025-08-20 21:30:40,864 INFO     ___FILE_ONLY___ ═
2025-08-20 21:30:40,873 INFO     ___FILE_ONLY___ ═
2025-08-20 21:30:40,884 INFO     ___FILE_ONLY___ ═
2025-08-20 21:30:40,897 INFO     ___FILE_ONLY___ ═
2025-08-20 21:30:40,913 INFO     ___FILE_ONLY___ ═
2025-08-20 21:30:40,925 INFO     ___FILE_ONLY___ ═
2025-08-20 21:30:40,937 INFO     ___FILE_ONLY___ ═
2025-08-20 21:30:40,957 INFO     ___FILE_ONLY___ ═
2025-08-20 21:30:40,973 INFO     ___FILE_ONLY___ ═
2025-08-20 21:30:40,991 INFO     ___FILE_ONLY___ ═
2025-08-20 21:30:41,005 INFO     ___FILE_ONLY___ ═
2025-08-20 21:30:41,021 INFO     ___FILE_ONLY___ ═
2025-08-20 21:30:41,030 INFO     ___FILE_ONLY___ ═
2025-08-20 21:30:41,041 INFO     ___FILE_ONLY___ ═
2025-08-20 21:30:41,076 INFO     ___FILE_ONLY___ ═
2025-08-20 21:30:41,090 INFO     ___FILE_ONLY___ ═
2025-08-20 21:30:41,101 INFO     ___FILE_ONLY___ ═
2025-08-20 21:30:41,111 INFO     ___FILE_ONLY___ ═
2025-08-20 21:30:41,121 INFO     ___FILE_ONLY___ ═
2025-08-20 21:30:41,132 INFO     ___FILE_ONLY___ ═
2025-08-20 21:30:41,142 INFO     ___FILE_ONLY___ ═
2025-08-20 21:30:41,152 INFO     ___FILE_ONLY___ ═
2025-08-20 21:30:41,161 INFO     ___FILE_ONLY___ ═
2025-08-20 21:30:41,171 INFO     ___FILE_ONLY___ ═
2025-08-20 21:30:41,180 INFO     ___FILE_ONLY___ ═
2025-08-20 21:30:41,193 INFO     ___FILE_ONLY___ ═
2025-08-20 21:30:41,207 INFO     ___FILE_ONLY___ ═
2025-08-20 21:30:41,220 INFO     ___FILE_ONLY___ ═
2025-08-20 21:30:41,233 INFO     ___FILE_ONLY___ ═
2025-08-20 21:30:41,246 INFO     ___FILE_ONLY___ ═
2025-08-20 21:30:41,258 INFO     ___FILE_ONLY___ ═
2025-08-20 21:30:41,273 INFO     ___FILE_ONLY___ ═
2025-08-20 21:30:41,288 INFO     ___FILE_ONLY___ ═
2025-08-20 21:30:41,309 INFO     ___FILE_ONLY___ ═
2025-08-20 21:30:41,325 INFO     ___FILE_ONLY___ ═
2025-08-20 21:30:41,343 INFO     ___FILE_ONLY___ ═
2025-08-20 21:30:41,343 INFO     ___FILE_ONLY___ ╝

2025-08-20 21:30:41,373 INFO     ___FILE_ONLY___ ╔════════════════════════════════════════════════════════════╗

2025-08-20 21:30:41,374 INFO     ___FILE_ONLY___ ╠═ Installing: Cloud Storage Command Line Tool (Platform... ═╣

2025-08-20 21:30:41,374 INFO     ___FILE_ONLY___ ╚
2025-08-20 21:30:41,374 INFO     ___FILE_ONLY___ ════════════════════════════════════════════════════════════
2025-08-20 21:30:41,375 INFO     ___FILE_ONLY___ ╝

2025-08-20 21:30:41,379 INFO     ___FILE_ONLY___ ╔════════════════════════════════════════════════════════════╗

2025-08-20 21:30:41,379 INFO     ___FILE_ONLY___ ╠═ Installing: Default set of gcloud commands               ═╣

2025-08-20 21:30:41,379 INFO     ___FILE_ONLY___ ╚
2025-08-20 21:30:41,382 INFO     ___FILE_ONLY___ ════════════════════════════════════════════════════════════
2025-08-20 21:30:41,382 INFO     ___FILE_ONLY___ ╝

2025-08-20 21:30:41,384 INFO     ___FILE_ONLY___ ╔════════════════════════════════════════════════════════════╗

2025-08-20 21:30:41,384 INFO     ___FILE_ONLY___ ╠═ Installing: Google Cloud CLI Core Libraries (Platform... ═╣

2025-08-20 21:30:41,384 INFO     ___FILE_ONLY___ ╚
2025-08-20 21:30:41,385 INFO     ___FILE_ONLY___ ══════════════════════════════
2025-08-20 21:30:41,385 INFO     ___FILE_ONLY___ ══════════════════════════════
2025-08-20 21:30:41,385 INFO     ___FILE_ONLY___ ╝

2025-08-20 21:30:41,389 INFO     ___FILE_ONLY___ ╔════════════════════════════════════════════════════════════╗

2025-08-20 21:30:41,389 INFO     ___FILE_ONLY___ ╠═ Installing: Google Cloud CRC32C Hash Tool                ═╣

2025-08-20 21:30:41,389 INFO     ___FILE_ONLY___ ╚
2025-08-20 21:30:41,392 INFO     ___FILE_ONLY___ ════════════════════════════════════════════════════════════
2025-08-20 21:30:41,392 INFO     ___FILE_ONLY___ ╝

2025-08-20 21:30:41,394 INFO     ___FILE_ONLY___ ╔════════════════════════════════════════════════════════════╗

2025-08-20 21:30:41,394 INFO     ___FILE_ONLY___ ╠═ Installing: Google Cloud CRC32C Hash Tool (Platform S... ═╣

2025-08-20 21:30:41,394 INFO     ___FILE_ONLY___ ╚
2025-08-20 21:30:41,431 INFO     ___FILE_ONLY___ ══════════════════════════════
2025-08-20 21:30:41,431 INFO     ___FILE_ONLY___ ══════════════════════════════
2025-08-20 21:30:41,431 INFO     ___FILE_ONLY___ ╝

2025-08-20 21:30:41,436 INFO     ___FILE_ONLY___ ╔════════════════════════════════════════════════════════════╗

2025-08-20 21:30:41,436 INFO     ___FILE_ONLY___ ╠═ Installing: gcloud cli dependencies (Platform Specific)  ═╣

2025-08-20 21:30:41,436 INFO     ___FILE_ONLY___ ╚
2025-08-20 21:30:41,437 INFO     ___FILE_ONLY___ ════════════════════════════════════════════════════════════
2025-08-20 21:30:41,437 INFO     ___FILE_ONLY___ ╝

2025-08-20 21:30:41,442 DEBUG    root            Updating notification cache...
2025-08-20 21:30:41,442 INFO     ___FILE_ONLY___ 

2025-08-20 21:30:41,444 INFO     ___FILE_ONLY___ Performing post processing steps...
2025-08-20 21:30:41,444 DEBUG    root            Executing command: ['/tools/google-cloud-sdk/bin/gcloud', 'components', 'post-process']
2025-08-20 21:30:50,050 DEBUG    ___FILE_ONLY___ 
2025-08-20 21:30:50,050 DEBUG    ___FILE_ONLY___ 
2025-08-20 21:30:50,233 INFO     root            descriptor_list: [{'universeDomain': 'googleapis.com', 'universeShortName': '', 'authenticationDomain': 'auth.cloud.google.com', 'projectPrefix': '', 'cloudWebDomain': 'cloud.google.com', 'documentationDomain': 'cloud.google.com', 'version': '1.0.0', 'state': 'primary', 'artifactRegistryDomain': 'pkg.dev'}]
2025-08-20 21:30:50,234 INFO     ___FILE_ONLY___ 
Update done!


2025-08-20 21:30:50,237 DEBUG    root            Chosen display Format:none
2025-08-20 21:30:50,237 INFO     root            Display format: "none"
