2025-08-20 21:30:51,011 DEBUG    root            Loaded Command Group: ['gcloud', 'components']
2025-08-20 21:30:51,013 DEBUG    root            Loaded Command Group: ['gcloud', 'components', 'update']
2025-08-20 21:30:51,015 DEBUG    root            Running [gcloud.components.update] with arguments: [--quiet: "True", COMPONENT-IDS:8: "['gcloud', 'core', 'bq', 'gsutil', 'compute', 'preview', 'alpha', 'beta']"]
2025-08-20 21:30:51,016 INFO     ___FILE_ONLY___ Beginning update. This process may take several minutes.

2025-08-20 21:30:51,024 DEBUG    urllib3.connectionpool Starting new HTTPS connection (1): dl.google.com:443
2025-08-20 21:30:51,998 DEBUG    urllib3.connectionpool https://dl.google.com:443 "GET /dl/cloudsdk/channels/rapid/components-2.json HTTP/11" 200 233150
2025-08-20 21:30:52,010 WARNING  root            Component [compute] no longer exists.
2025-08-20 21:30:52,011 INFO     ___FILE_ONLY___ 

2025-08-20 21:30:52,011 INFO     ___FILE_ONLY___ 
Your current Google Cloud CLI version is: 535.0.0

2025-08-20 21:30:52,011 INFO     ___FILE_ONLY___ Installing components from version: 535.0.0

2025-08-20 21:30:52,011 INFO     ___FILE_ONLY___ 

2025-08-20 21:30:52,012 DEBUG    root            Chosen display Format:table[box,title="These components will be removed."](details.display_name:label=Name:align=left,version.version_string:label=Version:align=right,data.size.size(zero="",min=1048576):label=Size:align=right)
2025-08-20 21:30:52,012 DEBUG    root            Chosen display Format:table[box,title="These components will be updated."](details.display_name:label=Name:align=left,version.version_string:label=Version:align=right,data.size.size(zero="",min=1048576):label=Size:align=right)
2025-08-20 21:30:52,012 DEBUG    root            Chosen display Format:table[box,title="These components will be installed."](details.display_name:label=Name:align=left,version.version_string:label=Version:align=right,data.size.size(zero="",min=1048576):label=Size:align=right)
2025-08-20 21:30:52,029 INFO     ___FILE_ONLY___ ┌────────────────────────────────────────────────┐
2025-08-20 21:30:52,029 INFO     ___FILE_ONLY___ 

2025-08-20 21:30:52,029 INFO     ___FILE_ONLY___ │      These components will be installed.       │
2025-08-20 21:30:52,029 INFO     ___FILE_ONLY___ 

2025-08-20 21:30:52,029 INFO     ___FILE_ONLY___ ├─────────────────────────┬────────────┬─────────┤
2025-08-20 21:30:52,029 INFO     ___FILE_ONLY___ 

2025-08-20 21:30:52,029 INFO     ___FILE_ONLY___ │           Name          │  Version   │   Size  │
2025-08-20 21:30:52,029 INFO     ___FILE_ONLY___ 

2025-08-20 21:30:52,029 INFO     ___FILE_ONLY___ ├─────────────────────────┼────────────┼─────────┤
2025-08-20 21:30:52,030 INFO     ___FILE_ONLY___ 

2025-08-20 21:30:52,030 INFO     ___FILE_ONLY___ │ 
2025-08-20 21:30:52,030 INFO     ___FILE_ONLY___ gcloud Alpha Commands  
2025-08-20 21:30:52,030 INFO     ___FILE_ONLY___  
2025-08-20 21:30:52,030 INFO     ___FILE_ONLY___ │ 
2025-08-20 21:30:52,030 INFO     ___FILE_ONLY___ 2025.08.15
2025-08-20 21:30:52,030 INFO     ___FILE_ONLY___  
2025-08-20 21:30:52,030 INFO     ___FILE_ONLY___ │ 
2025-08-20 21:30:52,030 INFO     ___FILE_ONLY___ < 1 MiB
2025-08-20 21:30:52,030 INFO     ___FILE_ONLY___  
2025-08-20 21:30:52,030 INFO     ___FILE_ONLY___ │
2025-08-20 21:30:52,030 INFO     ___FILE_ONLY___ 

2025-08-20 21:30:52,030 INFO     ___FILE_ONLY___ │ 
2025-08-20 21:30:52,030 INFO     ___FILE_ONLY___ gcloud Beta Commands   
2025-08-20 21:30:52,030 INFO     ___FILE_ONLY___  
2025-08-20 21:30:52,030 INFO     ___FILE_ONLY___ │ 
2025-08-20 21:30:52,030 INFO     ___FILE_ONLY___ 2025.08.15
2025-08-20 21:30:52,030 INFO     ___FILE_ONLY___  
2025-08-20 21:30:52,030 INFO     ___FILE_ONLY___ │ 
2025-08-20 21:30:52,030 INFO     ___FILE_ONLY___ < 1 MiB
2025-08-20 21:30:52,031 INFO     ___FILE_ONLY___  
2025-08-20 21:30:52,031 INFO     ___FILE_ONLY___ │
2025-08-20 21:30:52,031 INFO     ___FILE_ONLY___ 

2025-08-20 21:30:52,031 INFO     ___FILE_ONLY___ │ 
2025-08-20 21:30:52,031 INFO     ___FILE_ONLY___ gcloud Preview Commands
2025-08-20 21:30:52,031 INFO     ___FILE_ONLY___  
2025-08-20 21:30:52,031 INFO     ___FILE_ONLY___ │ 
2025-08-20 21:30:52,031 INFO     ___FILE_ONLY___           
2025-08-20 21:30:52,031 INFO     ___FILE_ONLY___  
2025-08-20 21:30:52,031 INFO     ___FILE_ONLY___ │ 
2025-08-20 21:30:52,031 INFO     ___FILE_ONLY___ < 1 MiB
2025-08-20 21:30:52,031 INFO     ___FILE_ONLY___  
2025-08-20 21:30:52,031 INFO     ___FILE_ONLY___ │
2025-08-20 21:30:52,031 INFO     ___FILE_ONLY___ 

2025-08-20 21:30:52,031 INFO     ___FILE_ONLY___ └─────────────────────────┴────────────┴─────────┘
2025-08-20 21:30:52,031 INFO     ___FILE_ONLY___ 

2025-08-20 21:30:52,031 INFO     ___FILE_ONLY___ 

2025-08-20 21:30:52,034 DEBUG    urllib3.connectionpool Starting new HTTPS connection (1): dl.google.com:443
2025-08-20 21:30:53,024 DEBUG    urllib3.connectionpool https://dl.google.com:443 "GET /dl/cloudsdk/channels/rapid/RELEASE_NOTES HTTP/11" 200 1469015
2025-08-20 21:30:53,528 INFO     ___FILE_ONLY___ For the latest full release notes, please visit:
  https://cloud.google.com/sdk/release_notes


2025-08-20 21:30:53,529 INFO     ___FILE_ONLY___ Performing in place update...


2025-08-20 21:30:53,531 INFO     ___FILE_ONLY___ ╔════════════════════════════════════════════════════════════╗

2025-08-20 21:30:53,531 INFO     ___FILE_ONLY___ ╠═ Downloading: gcloud Alpha Commands                       ═╣

2025-08-20 21:30:53,531 INFO     ___FILE_ONLY___ ╚
2025-08-20 21:30:53,533 DEBUG    urllib3.connectionpool Starting new HTTPS connection (1): dl.google.com:443
2025-08-20 21:30:54,468 DEBUG    urllib3.connectionpool https://dl.google.com:443 "GET /dl/cloudsdk/channels/rapid/components/google-cloud-sdk-alpha-20250815145907.tar.gz HTTP/11" 200 800
2025-08-20 21:30:54,468 INFO     ___FILE_ONLY___ ════════════════════════════════════════════════════════════
2025-08-20 21:30:54,468 INFO     ___FILE_ONLY___ ╝

2025-08-20 21:30:54,470 INFO     ___FILE_ONLY___ ╔════════════════════════════════════════════════════════════╗

2025-08-20 21:30:54,470 INFO     ___FILE_ONLY___ ╠═ Downloading: gcloud Beta Commands                        ═╣

2025-08-20 21:30:54,470 INFO     ___FILE_ONLY___ ╚
2025-08-20 21:30:54,473 DEBUG    urllib3.connectionpool Starting new HTTPS connection (1): dl.google.com:443
2025-08-20 21:30:55,382 DEBUG    urllib3.connectionpool https://dl.google.com:443 "GET /dl/cloudsdk/channels/rapid/components/google-cloud-sdk-beta-20250815145907.tar.gz HTTP/11" 200 797
2025-08-20 21:30:55,383 INFO     ___FILE_ONLY___ ════════════════════════════════════════════════════════════
2025-08-20 21:30:55,383 INFO     ___FILE_ONLY___ ╝

2025-08-20 21:30:55,385 INFO     ___FILE_ONLY___ ╔════════════════════════════════════════════════════════════╗

2025-08-20 21:30:55,385 INFO     ___FILE_ONLY___ ╠═ Downloading: gcloud Preview Commands                     ═╣

2025-08-20 21:30:55,385 INFO     ___FILE_ONLY___ ╚
2025-08-20 21:30:55,388 DEBUG    urllib3.connectionpool Starting new HTTPS connection (1): dl.google.com:443
2025-08-20 21:30:56,318 DEBUG    urllib3.connectionpool https://dl.google.com:443 "GET /dl/cloudsdk/channels/rapid/components/google-cloud-sdk-preview-20241115154308.tar.gz HTTP/11" 200 823
2025-08-20 21:30:56,319 INFO     ___FILE_ONLY___ ════════════════════════════════════════════════════════════
2025-08-20 21:30:56,319 INFO     ___FILE_ONLY___ ╝

2025-08-20 21:30:56,321 INFO     ___FILE_ONLY___ ╔════════════════════════════════════════════════════════════╗

2025-08-20 21:30:56,321 INFO     ___FILE_ONLY___ ╠═ Installing: gcloud Alpha Commands                        ═╣

2025-08-20 21:30:56,321 INFO     ___FILE_ONLY___ ╚
2025-08-20 21:30:56,322 INFO     ___FILE_ONLY___ ════════════════════════════════════════════════════════════
2025-08-20 21:30:56,323 INFO     ___FILE_ONLY___ ╝

2025-08-20 21:30:56,328 INFO     ___FILE_ONLY___ ╔════════════════════════════════════════════════════════════╗

2025-08-20 21:30:56,328 INFO     ___FILE_ONLY___ ╠═ Installing: gcloud Beta Commands                         ═╣

2025-08-20 21:30:56,328 INFO     ___FILE_ONLY___ ╚
2025-08-20 21:30:56,329 INFO     ___FILE_ONLY___ ════════════════════════════════════════════════════════════
2025-08-20 21:30:56,329 INFO     ___FILE_ONLY___ ╝

2025-08-20 21:30:56,333 INFO     ___FILE_ONLY___ ╔════════════════════════════════════════════════════════════╗

2025-08-20 21:30:56,333 INFO     ___FILE_ONLY___ ╠═ Installing: gcloud Preview Commands                      ═╣

2025-08-20 21:30:56,333 INFO     ___FILE_ONLY___ ╚
2025-08-20 21:30:56,334 INFO     ___FILE_ONLY___ ════════════════════════════════════════════════════════════
2025-08-20 21:30:56,334 INFO     ___FILE_ONLY___ ╝

2025-08-20 21:30:56,339 DEBUG    root            Updating notification cache...
2025-08-20 21:30:56,340 INFO     ___FILE_ONLY___ 

2025-08-20 21:30:56,342 INFO     ___FILE_ONLY___ Performing post processing steps...
2025-08-20 21:30:56,342 DEBUG    root            Executing command: ['/tools/google-cloud-sdk/bin/gcloud', 'components', 'post-process']
2025-08-20 21:31:05,275 DEBUG    ___FILE_ONLY___ 
2025-08-20 21:31:05,275 DEBUG    ___FILE_ONLY___ 
2025-08-20 21:31:05,371 INFO     root            descriptor_list: [{'universeDomain': 'googleapis.com', 'universeShortName': '', 'authenticationDomain': 'auth.cloud.google.com', 'projectPrefix': '', 'cloudWebDomain': 'cloud.google.com', 'documentationDomain': 'cloud.google.com', 'version': '1.0.0', 'state': 'primary', 'artifactRegistryDomain': 'pkg.dev'}]
2025-08-20 21:31:05,371 INFO     ___FILE_ONLY___ 
Update done!


2025-08-20 21:31:05,374 DEBUG    root            Chosen display Format:none
2025-08-20 21:31:05,374 INFO     root            Display format: "none"
